{
  message: 'db connected successfully',
  level: 'info',
  label: 'Uni3.0',
  timestamp: '2023-09-18T18:31:54.539Z'
}
{
  message: 'Application listening on port 3001',
  level: 'info',
  label: 'Uni3.0',
  timestamp: '2023-09-18T18:31:54.550Z'
}
{
  message: 'db connected successfully',
  level: 'info',
  label: 'Uni3.0',
  timestamp: '2023-09-18T18:32:02.355Z'
}
{
  message: 'Application listening on port 3001',
  level: 'info',
  label: 'Uni3.0',
  timestamp: '2023-09-18T18:32:02.363Z'
}
{
  message: 'db connected successfully',
  level: 'info',
  label: 'Uni3.0',
  timestamp: '2023-09-18T18:32:09.141Z'
}
{
  message: 'Application listening on port 3001',
  level: 'info',
  label: 'Uni3.0',
  timestamp: '2023-09-18T18:32:09.147Z'
}
{
  message: 'db connected successfully',
  level: 'info',
  label: 'Uni3.0',
  timestamp: '2023-09-18T18:32:34.198Z'
}
{
  message: 'Application listening on port 3001',
  level: 'info',
  label: 'Uni3.0',
  timestamp: '2023-09-18T18:32:34.205Z'
}
{
  message: 'db connected successfully',
  level: 'info',
  label: 'Uni3.0',
  timestamp: '2023-09-18T18:34:16.484Z'
}
{
  message: 'Application listening on port 3001',
  level: 'info',
  label: 'Uni3.0',
  timestamp: '2023-09-18T18:34:16.491Z'
}
{
  message: 'db connected successfully',
  level: 'info',
  label: 'Uni3.0',
  timestamp: '2023-09-18T18:34:17.877Z'
}
{
  message: 'Application listening on port 3001',
  level: 'info',
  label: 'Uni3.0',
  timestamp: '2023-09-18T18:34:17.884Z'
}
{
  message: 'db connected successfully',
  level: 'info',
  label: 'Uni3.0',
  timestamp: '2023-09-18T18:34:20.513Z'
}
{
  message: 'Application listening on port 3001',
  level: 'info',
  label: 'Uni3.0',
  timestamp: '2023-09-18T18:34:20.522Z'
}
{
  message: 'db connected successfully',
  level: 'info',
  label: 'Uni3.0',
  timestamp: '2023-09-18T18:34:22.537Z'
}
{
  message: 'Application listening on port 3001',
  level: 'info',
  label: 'Uni3.0',
  timestamp: '2023-09-18T18:34:22.545Z'
}
{
  message: 'db connected successfully',
  level: 'info',
  label: 'Uni3.0',
  timestamp: '2023-09-18T18:34:58.356Z'
}
{
  message: 'Application listening on port 3001',
  level: 'info',
  label: 'Uni3.0',
  timestamp: '2023-09-18T18:34:58.361Z'
}
{
  message: 'db connected successfully',
  level: 'info',
  label: 'Uni3.0',
  timestamp: '2023-09-18T18:35:01.600Z'
}
{
  message: 'Application listening on port 3001',
  level: 'info',
  label: 'Uni3.0',
  timestamp: '2023-09-18T18:35:01.609Z'
}
{
  message: 'db connected successfully',
  level: 'info',
  label: 'Uni3.0',
  timestamp: '2023-09-18T18:35:36.916Z'
}
{
  message: 'Application listening on port 3001',
  level: 'info',
  label: 'Uni3.0',
  timestamp: '2023-09-18T18:35:36.924Z'
}
{
  message: 'db connected successfully',
  level: 'info',
  label: 'Uni3.0',
  timestamp: '2023-09-18T18:36:48.740Z'
}
{
  message: 'Application listening on port 3001',
  level: 'info',
  label: 'Uni3.0',
  timestamp: '2023-09-18T18:36:48.745Z'
}
{
  message: 'db connected successfully',
  level: 'info',
  label: 'Uni3.0',
  timestamp: '2023-09-18T18:36:50.058Z'
}
{
  message: 'Application listening on port 3001',
  level: 'info',
  label: 'Uni3.0',
  timestamp: '2023-09-18T18:36:50.066Z'
}
{
  message: 'db connected successfully',
  level: 'info',
  label: 'Uni3.0',
  timestamp: '2023-09-18T18:36:52.715Z'
}
{
  message: 'Application listening on port 3001',
  level: 'info',
  label: 'Uni3.0',
  timestamp: '2023-09-18T18:36:52.723Z'
}
{
  message: 'db connected successfully',
  level: 'info',
  label: 'Uni3.0',
  timestamp: '2023-09-18T18:38:30.572Z'
}
{
  message: 'Application listening on port 3001',
  level: 'info',
  label: 'Uni3.0',
  timestamp: '2023-09-18T18:38:30.579Z'
}
{
  message: 'db connected successfully',
  level: 'info',
  label: 'Uni3.0',
  timestamp: '2023-09-18T18:38:42.352Z'
}
{
  message: 'Application listening on port 3001',
  level: 'info',
  label: 'Uni3.0',
  timestamp: '2023-09-18T18:38:42.361Z'
}
{
  message: 'db connected successfully',
  level: 'info',
  label: 'Uni3.0',
  timestamp: '2023-09-18T18:38:48.211Z'
}
{
  message: 'Application listening on port 3001',
  level: 'info',
  label: 'Uni3.0',
  timestamp: '2023-09-18T18:38:48.220Z'
}
{
  message: 'db connected successfully',
  level: 'info',
  label: 'Uni3.0',
  timestamp: '2023-09-18T18:39:10.587Z'
}
{
  message: 'Application listening on port 3001',
  level: 'info',
  label: 'Uni3.0',
  timestamp: '2023-09-18T18:39:10.592Z'
}
{
  message: 'db connected successfully',
  level: 'info',
  label: 'Uni3.0',
  timestamp: '2023-09-18T18:39:12.070Z'
}
{
  message: 'Application listening on port 3001',
  level: 'info',
  label: 'Uni3.0',
  timestamp: '2023-09-18T18:39:12.078Z'
}
{
  message: 'db connected successfully',
  level: 'info',
  label: 'Uni3.0',
  timestamp: '2023-09-18T18:39:29.439Z'
}
{
  message: 'Application listening on port 3001',
  level: 'info',
  label: 'Uni3.0',
  timestamp: '2023-09-18T18:39:29.447Z'
}
{
  message: 'db connected successfully',
  level: 'info',
  label: 'Uni3.0',
  timestamp: '2023-09-18T18:39:33.042Z'
}
{
  message: 'Application listening on port 3001',
  level: 'info',
  label: 'Uni3.0',
  timestamp: '2023-09-18T18:39:33.051Z'
}
{
  message: 'db connected successfully',
  level: 'info',
  label: 'Uni3.0',
  timestamp: '2023-09-18T18:41:06.071Z'
}
{
  message: 'Application listening on port 3001',
  level: 'info',
  label: 'Uni3.0',
  timestamp: '2023-09-18T18:41:06.076Z'
}
{
  message: 'db connected successfully',
  level: 'info',
  label: 'Uni3.0',
  timestamp: '2023-09-18T18:41:10.410Z'
}
{
  message: 'Application listening on port 3001',
  level: 'info',
  label: 'Uni3.0',
  timestamp: '2023-09-18T18:41:10.418Z'
}
{
  message: 'db connected successfully',
  level: 'info',
  label: 'Uni3.0',
  timestamp: '2023-09-18T18:41:14.866Z'
}
{
  message: 'Application listening on port 3001',
  level: 'info',
  label: 'Uni3.0',
  timestamp: '2023-09-18T18:41:14.871Z'
}
{
  message: 'db connected successfully',
  level: 'info',
  label: 'Uni3.0',
  timestamp: '2023-09-18T18:41:16.478Z'
}
{
  message: 'Application listening on port 3001',
  level: 'info',
  label: 'Uni3.0',
  timestamp: '2023-09-18T18:41:16.484Z'
}
{
  message: 'db connected successfully',
  level: 'info',
  label: 'Uni3.0',
  timestamp: '2023-09-18T18:41:50.563Z'
}
{
  message: 'Application listening on port 3001',
  level: 'info',
  label: 'Uni3.0',
  timestamp: '2023-09-18T18:41:50.571Z'
}
{
  message: 'db connected successfully',
  level: 'info',
  label: 'Uni3.0',
  timestamp: '2023-09-18T18:41:51.830Z'
}
{
  message: 'Application listening on port 3001',
  level: 'info',
  label: 'Uni3.0',
  timestamp: '2023-09-18T18:41:51.838Z'
}
{
  message: 'db connected successfully',
  level: 'info',
  label: 'Uni3.0',
  timestamp: '2023-09-18T18:41:56.814Z'
}
{
  message: 'Application listening on port 3001',
  level: 'info',
  label: 'Uni3.0',
  timestamp: '2023-09-18T18:41:56.823Z'
}
{
  message: 'db connected successfully',
  level: 'info',
  label: 'Uni3.0',
  timestamp: '2023-09-18T18:42:09.677Z'
}
{
  message: 'Application listening on port 3001',
  level: 'info',
  label: 'Uni3.0',
  timestamp: '2023-09-18T18:42:09.682Z'
}
{
  message: 'db connected successfully',
  level: 'info',
  label: 'Uni3.0',
  timestamp: '2023-09-18T18:42:12.352Z'
}
{
  message: 'Application listening on port 3001',
  level: 'info',
  label: 'Uni3.0',
  timestamp: '2023-09-18T18:42:12.360Z'
}
{
  message: 'db connected successfully',
  level: 'info',
  label: 'Uni3.0',
  timestamp: '2023-09-18T18:42:57.381Z'
}
{
  message: 'Application listening on port 3001',
  level: 'info',
  label: 'Uni3.0',
  timestamp: '2023-09-18T18:42:57.389Z'
}
{
  message: 'db connected successfully',
  level: 'info',
  label: 'Uni3.0',
  timestamp: '2023-09-18T18:42:58.842Z'
}
{
  message: 'Application listening on port 3001',
  level: 'info',
  label: 'Uni3.0',
  timestamp: '2023-09-18T18:42:58.849Z'
}
{
  message: 'db connected successfully',
  level: 'info',
  label: 'Uni3.0',
  timestamp: '2023-09-18T18:43:02.996Z'
}
{
  message: 'Application listening on port 3001',
  level: 'info',
  label: 'Uni3.0',
  timestamp: '2023-09-18T18:43:03.001Z'
}
{
  message: 'db connected successfully',
  level: 'info',
  label: 'Uni3.0',
  timestamp: '2023-09-18T18:43:04.656Z'
}
{
  message: 'Application listening on port 3001',
  level: 'info',
  label: 'Uni3.0',
  timestamp: '2023-09-18T18:43:04.664Z'
}
{
  message: 'db connected successfully',
  level: 'info',
  label: 'Uni3.0',
  timestamp: '2023-09-18T18:43:10.527Z'
}
{
  message: 'Application listening on port 3001',
  level: 'info',
  label: 'Uni3.0',
  timestamp: '2023-09-18T18:43:10.535Z'
}
{
  message: 'db connected successfully',
  level: 'info',
  label: 'Uni3.0',
  timestamp: '2023-09-18T18:43:12.356Z'
}
{
  message: 'Application listening on port 3001',
  level: 'info',
  label: 'Uni3.0',
  timestamp: '2023-09-18T18:43:12.364Z'
}
{
  message: 'db connected successfully',
  level: 'info',
  label: 'Uni3.0',
  timestamp: '2023-09-18T18:43:16.632Z'
}
{
  message: 'Application listening on port 3001',
  level: 'info',
  label: 'Uni3.0',
  timestamp: '2023-09-18T18:43:16.640Z'
}
{
  message: 'db connected successfully',
  level: 'info',
  label: 'Uni3.0',
  timestamp: '2023-09-18T18:43:54.405Z'
}
{
  message: 'Application listening on port 3001',
  level: 'info',
  label: 'Uni3.0',
  timestamp: '2023-09-18T18:43:54.420Z'
}
{
  message: 'db connected successfully',
  level: 'info',
  label: 'Uni3.0',
  timestamp: '2023-09-18T18:44:15.958Z'
}
{
  message: 'Application listening on port 3001',
  level: 'info',
  label: 'Uni3.0',
  timestamp: '2023-09-18T18:44:15.968Z'
}
{
  message: 'db connected successfully',
  level: 'info',
  label: 'Uni3.0',
  timestamp: '2023-09-18T18:44:24.056Z'
}
{
  message: 'Application listening on port 3001',
  level: 'info',
  label: 'Uni3.0',
  timestamp: '2023-09-18T18:44:24.061Z'
}
{
  message: 'db connected successfully',
  level: 'info',
  label: 'Uni3.0',
  timestamp: '2023-09-18T18:44:39.074Z'
}
{
  message: 'Application listening on port 3001',
  level: 'info',
  label: 'Uni3.0',
  timestamp: '2023-09-18T18:44:39.084Z'
}
{
  message: 'db connected successfully',
  level: 'info',
  label: 'Uni3.0',
  timestamp: '2023-09-18T18:44:41.945Z'
}
{
  message: 'Application listening on port 3001',
  level: 'info',
  label: 'Uni3.0',
  timestamp: '2023-09-18T18:44:41.954Z'
}
{
  message: 'db connected successfully',
  level: 'info',
  label: 'Uni3.0',
  timestamp: '2023-09-18T18:44:49.168Z'
}
{
  message: 'Application listening on port 3001',
  level: 'info',
  label: 'Uni3.0',
  timestamp: '2023-09-18T18:44:49.176Z'
}
{
  message: 'db connected successfully',
  level: 'info',
  label: 'Uni3.0',
  timestamp: '2023-09-18T18:44:51.962Z'
}
{
  message: 'Application listening on port 3001',
  level: 'info',
  label: 'Uni3.0',
  timestamp: '2023-09-18T18:44:51.969Z'
}
{
  message: 'db connected successfully',
  level: 'info',
  label: 'Uni3.0',
  timestamp: '2023-09-18T18:45:37.657Z'
}
{
  message: 'Application listening on port 3001',
  level: 'info',
  label: 'Uni3.0',
  timestamp: '2023-09-18T18:45:37.664Z'
}
{
  message: 'db connected successfully',
  level: 'info',
  label: 'Uni3.0',
  timestamp: '2023-09-18T18:47:32.001Z'
}
{
  message: 'Application listening on port 3001',
  level: 'info',
  label: 'Uni3.0',
  timestamp: '2023-09-18T18:47:32.007Z'
}
{
  message: 'db connected successfully',
  level: 'info',
  label: 'Uni3.0',
  timestamp: '2023-09-18T18:47:46.414Z'
}
{
  message: 'Application listening on port 3001',
  level: 'info',
  label: 'Uni3.0',
  timestamp: '2023-09-18T18:47:46.421Z'
}
{
  message: 'db connected successfully',
  level: 'info',
  label: 'Uni3.0',
  timestamp: '2023-09-18T18:47:51.852Z'
}
{
  message: 'Application listening on port 3001',
  level: 'info',
  label: 'Uni3.0',
  timestamp: '2023-09-18T18:47:51.859Z'
}
{
  message: 'db connected successfully',
  level: 'info',
  label: 'Uni3.0',
  timestamp: '2023-09-18T18:47:55.356Z'
}
{
  message: 'Application listening on port 3001',
  level: 'info',
  label: 'Uni3.0',
  timestamp: '2023-09-18T18:47:55.364Z'
}
{
  message: 'db connected successfully',
  level: 'info',
  label: 'Uni3.0',
  timestamp: '2023-09-18T18:48:01.429Z'
}
{
  message: 'Application listening on port 3001',
  level: 'info',
  label: 'Uni3.0',
  timestamp: '2023-09-18T18:48:01.442Z'
}
{
  message: 'db connected successfully',
  level: 'info',
  label: 'Uni3.0',
  timestamp: '2023-09-18T18:48:14.152Z'
}
{
  message: 'Application listening on port 3001',
  level: 'info',
  label: 'Uni3.0',
  timestamp: '2023-09-18T18:48:14.164Z'
}
{
  message: 'db connected successfully',
  level: 'info',
  label: 'Uni3.0',
  timestamp: '2023-09-18T18:48:49.973Z'
}
{
  message: 'Application listening on port 3001',
  level: 'info',
  label: 'Uni3.0',
  timestamp: '2023-09-18T18:48:49.980Z'
}
{
  message: 'db connected successfully',
  level: 'info',
  label: 'Uni3.0',
  timestamp: '2023-09-18T18:48:58.280Z'
}
{
  message: 'Application listening on port 3001',
  level: 'info',
  label: 'Uni3.0',
  timestamp: '2023-09-18T18:48:58.287Z'
}
{
  message: 'db connected successfully',
  level: 'info',
  label: 'Uni3.0',
  timestamp: '2023-09-18T18:49:02.646Z'
}
{
  message: 'Application listening on port 3001',
  level: 'info',
  label: 'Uni3.0',
  timestamp: '2023-09-18T18:49:02.654Z'
}
{
  message: 'db connected successfully',
  level: 'info',
  label: 'Uni3.0',
  timestamp: '2023-09-18T18:49:04.068Z'
}
{
  message: 'Application listening on port 3001',
  level: 'info',
  label: 'Uni3.0',
  timestamp: '2023-09-18T18:49:04.075Z'
}
{
  message: 'db connected successfully',
  level: 'info',
  label: 'Uni3.0',
  timestamp: '2023-09-18T18:49:09.195Z'
}
{
  message: 'Application listening on port 3001',
  level: 'info',
  label: 'Uni3.0',
  timestamp: '2023-09-18T18:49:09.212Z'
}
{
  message: 'db connected successfully',
  level: 'info',
  label: 'Uni3.0',
  timestamp: '2023-09-18T18:49:11.418Z'
}
{
  message: 'Application listening on port 3001',
  level: 'info',
  label: 'Uni3.0',
  timestamp: '2023-09-18T18:49:11.425Z'
}
{
  message: 'db connected successfully',
  level: 'info',
  label: 'Uni3.0',
  timestamp: '2023-09-18T18:51:40.222Z'
}
{
  message: 'Application listening on port 3001',
  level: 'info',
  label: 'Uni3.0',
  timestamp: '2023-09-18T18:51:40.236Z'
}
{
  message: 'db connected successfully',
  level: 'info',
  label: 'Uni3.0',
  timestamp: '2023-09-18T18:51:42.140Z'
}
{
  message: 'Application listening on port 3001',
  level: 'info',
  label: 'Uni3.0',
  timestamp: '2023-09-18T18:51:42.145Z'
}
{
  message: 'db connected successfully',
  level: 'info',
  label: 'Uni3.0',
  timestamp: '2023-09-18T18:51:46.947Z'
}
{
  message: 'Application listening on port 3001',
  level: 'info',
  label: 'Uni3.0',
  timestamp: '2023-09-18T18:51:46.954Z'
}
{
  message: 'db connected successfully',
  level: 'info',
  label: 'Uni3.0',
  timestamp: '2023-09-18T18:51:53.078Z'
}
{
  message: 'Application listening on port 3001',
  level: 'info',
  label: 'Uni3.0',
  timestamp: '2023-09-18T18:51:53.083Z'
}
{
  message: 'db connected successfully',
  level: 'info',
  label: 'Uni3.0',
  timestamp: '2023-09-18T18:53:08.285Z'
}
{
  message: 'Application listening on port 3001',
  level: 'info',
  label: 'Uni3.0',
  timestamp: '2023-09-18T18:53:08.293Z'
}
{
  message: 'db connected successfully',
  level: 'info',
  label: 'Uni3.0',
  timestamp: '2023-09-18T18:54:16.450Z'
}
{
  message: 'Application listening on port 3001',
  level: 'info',
  label: 'Uni3.0',
  timestamp: '2023-09-18T18:54:16.458Z'
}
{
  message: 'db connected successfully',
  level: 'info',
  label: 'Uni3.0',
  timestamp: '2023-09-18T18:54:17.749Z'
}
{
  message: 'Application listening on port 3001',
  level: 'info',
  label: 'Uni3.0',
  timestamp: '2023-09-18T18:54:17.753Z'
}
{
  message: 'db connected successfully',
  level: 'info',
  label: 'Uni3.0',
  timestamp: '2023-09-18T18:54:39.007Z'
}
{
  message: 'Application listening on port 3001',
  level: 'info',
  label: 'Uni3.0',
  timestamp: '2023-09-18T18:54:39.012Z'
}
{
  message: 'db connected successfully',
  level: 'info',
  label: 'Uni3.0',
  timestamp: '2023-09-18T18:55:43.953Z'
}
{
  message: 'Application listening on port 3001',
  level: 'info',
  label: 'Uni3.0',
  timestamp: '2023-09-18T18:55:43.961Z'
}
{
  message: 'db connected successfully',
  level: 'info',
  label: 'Uni3.0',
  timestamp: '2023-09-18T18:56:01.136Z'
}
{
  message: 'Application listening on port 3001',
  level: 'info',
  label: 'Uni3.0',
  timestamp: '2023-09-18T18:56:01.141Z'
}
{
  message: 'db connected successfully',
  level: 'info',
  label: 'Uni3.0',
  timestamp: '2023-09-18T18:56:21.990Z'
}
{
  message: 'Application listening on port 3001',
  level: 'info',
  label: 'Uni3.0',
  timestamp: '2023-09-18T18:56:22.001Z'
}
{
  message: 'db connected successfully',
  level: 'info',
  label: 'Uni3.0',
  timestamp: '2023-09-18T18:56:32.910Z'
}
{
  message: 'Application listening on port 3001',
  level: 'info',
  label: 'Uni3.0',
  timestamp: '2023-09-18T18:56:32.926Z'
}
{
  message: 'db connected successfully',
  level: 'info',
  label: 'Uni3.0',
  timestamp: '2023-09-18T18:56:34.469Z'
}
{
  message: 'Application listening on port 3001',
  level: 'info',
  label: 'Uni3.0',
  timestamp: '2023-09-18T18:56:34.474Z'
}
{
  message: 'db connected successfully',
  level: 'info',
  label: 'Uni3.0',
  timestamp: '2023-09-18T18:57:24.299Z'
}
{
  message: 'Application listening on port 3001',
  level: 'info',
  label: 'Uni3.0',
  timestamp: '2023-09-18T18:57:24.306Z'
}
{
  message: 'db connected successfully',
  level: 'info',
  label: 'Uni3.0',
  timestamp: '2023-09-18T18:57:34.027Z'
}
{
  message: 'Application listening on port 3001',
  level: 'info',
  label: 'Uni3.0',
  timestamp: '2023-09-18T18:57:34.034Z'
}
{
  message: 'db connected successfully',
  level: 'info',
  label: 'Uni3.0',
  timestamp: '2023-09-18T18:57:51.632Z'
}
{
  message: 'Application listening on port 3001',
  level: 'info',
  label: 'Uni3.0',
  timestamp: '2023-09-18T18:57:51.641Z'
}
{
  message: 'db connected successfully',
  level: 'info',
  label: 'Uni3.0',
  timestamp: '2023-09-18T18:58:00.110Z'
}
{
  message: 'Application listening on port 3001',
  level: 'info',
  label: 'Uni3.0',
  timestamp: '2023-09-18T18:58:00.114Z'
}
{
  message: 'db connected successfully',
  level: 'info',
  label: 'Uni3.0',
  timestamp: '2023-09-18T18:58:07.629Z'
}
{
  message: 'Application listening on port 3001',
  level: 'info',
  label: 'Uni3.0',
  timestamp: '2023-09-18T18:58:07.638Z'
}
{
  message: 'db connected successfully',
  level: 'info',
  label: 'Uni3.0',
  timestamp: '2023-09-18T18:58:12.707Z'
}
{
  message: 'Application listening on port 3001',
  level: 'info',
  label: 'Uni3.0',
  timestamp: '2023-09-18T18:58:12.711Z'
}
{
  message: 'db connected successfully',
  level: 'info',
  label: 'Uni3.0',
  timestamp: '2023-09-18T18:58:32.322Z'
}
{
  message: 'Application listening on port 3001',
  level: 'info',
  label: 'Uni3.0',
  timestamp: '2023-09-18T18:58:32.330Z'
}
