{
  message: 'db connected successfully',
  level: 'info',
  label: 'Uni3.0',
  timestamp: '2023-07-01T07:00:03.294Z'
}
{
  message: 'Application listening on port 5000',
  level: 'info',
  label: 'Uni3.0',
  timestamp: '2023-07-01T07:00:03.306Z'
}
{
  message: 'db connected successfully',
  level: 'info',
  label: 'Uni3.0',
  timestamp: '2023-07-01T07:00:15.049Z'
}
{
  message: 'Application listening on port 5000',
  level: 'info',
  label: 'Uni3.0',
  timestamp: '2023-07-01T07:00:15.056Z'
}
{
  message: 'db connected successfully',
  level: 'info',
  label: 'Uni3.0',
  timestamp: '2023-07-01T07:00:29.892Z'
}
{
  message: 'Application listening on port 5000',
  level: 'info',
  label: 'Uni3.0',
  timestamp: '2023-07-01T07:00:29.901Z'
}
{
  message: 'db connected successfully',
  level: 'info',
  label: 'Uni3.0',
  timestamp: '2023-07-01T07:00:36.492Z'
}
{
  message: 'Application listening on port 5000',
  level: 'info',
  label: 'Uni3.0',
  timestamp: '2023-07-01T07:00:36.497Z'
}
{
  message: 'db connected successfully',
  level: 'info',
  label: 'Uni3.0',
  timestamp: '2023-07-01T07:00:43.152Z'
}
{
  message: 'Application listening on port 5000',
  level: 'info',
  label: 'Uni3.0',
  timestamp: '2023-07-01T07:00:43.159Z'
}
{
  message: 'db connected successfully',
  level: 'info',
  label: 'Uni3.0',
  timestamp: '2023-07-01T07:00:50.860Z'
}
{
  message: 'Application listening on port 5000',
  level: 'info',
  label: 'Uni3.0',
  timestamp: '2023-07-01T07:00:50.868Z'
}
{
  message: 'db connected successfully',
  level: 'info',
  label: 'Uni3.0',
  timestamp: '2023-07-01T07:00:55.119Z'
}
{
  message: 'Application listening on port 5000',
  level: 'info',
  label: 'Uni3.0',
  timestamp: '2023-07-01T07:00:55.127Z'
}
{
  message: 'db connected successfully',
  level: 'info',
  label: 'Uni3.0',
  timestamp: '2023-07-01T07:00:59.979Z'
}
{
  message: 'Application listening on port 5000',
  level: 'info',
  label: 'Uni3.0',
  timestamp: '2023-07-01T07:00:59.987Z'
}
{
  message: 'db connected successfully',
  level: 'info',
  label: 'Uni3.0',
  timestamp: '2023-07-01T07:01:07.395Z'
}
{
  message: 'Application listening on port 5000',
  level: 'info',
  label: 'Uni3.0',
  timestamp: '2023-07-01T07:01:07.409Z'
}
{
  message: 'db connected successfully',
  level: 'info',
  label: 'Uni3.0',
  timestamp: '2023-07-01T07:01:10.854Z'
}
{
  message: 'Application listening on port 5000',
  level: 'info',
  label: 'Uni3.0',
  timestamp: '2023-07-01T07:01:10.861Z'
}
{
  message: 'db connected successfully',
  level: 'info',
  label: 'Uni3.0',
  timestamp: '2023-07-01T07:01:18.201Z'
}
{
  message: 'Application listening on port 5000',
  level: 'info',
  label: 'Uni3.0',
  timestamp: '2023-07-01T07:01:18.206Z'
}
{
  message: 'db connected successfully',
  level: 'info',
  label: 'Uni3.0',
  timestamp: '2023-07-01T07:01:23.341Z'
}
{
  message: 'Application listening on port 5000',
  level: 'info',
  label: 'Uni3.0',
  timestamp: '2023-07-01T07:01:23.348Z'
}
{
  message: 'db connected successfully',
  level: 'info',
  label: 'Uni3.0',
  timestamp: '2023-07-01T07:01:42.445Z'
}
{
  message: 'Application listening on port 5000',
  level: 'info',
  label: 'Uni3.0',
  timestamp: '2023-07-01T07:01:42.456Z'
}
{
  message: 'db connected successfully',
  level: 'info',
  label: 'Uni3.0',
  timestamp: '2023-07-01T07:02:08.799Z'
}
{
  message: 'Application listening on port 5000',
  level: 'info',
  label: 'Uni3.0',
  timestamp: '2023-07-01T07:02:08.806Z'
}
{
  message: 'db connected successfully',
  level: 'info',
  label: 'Uni3.0',
  timestamp: '2023-07-01T07:02:16.306Z'
}
{
  message: 'Application listening on port 5000',
  level: 'info',
  label: 'Uni3.0',
  timestamp: '2023-07-01T07:02:16.310Z'
}
{
  message: 'db connected successfully',
  level: 'info',
  label: 'Uni3.0',
  timestamp: '2023-07-01T07:02:19.139Z'
}
{
  message: 'Application listening on port 5000',
  level: 'info',
  label: 'Uni3.0',
  timestamp: '2023-07-01T07:02:19.147Z'
}
{
  message: 'db connected successfully',
  level: 'info',
  label: 'Uni3.0',
  timestamp: '2023-07-01T07:02:35.341Z'
}
{
  message: 'Application listening on port 5000',
  level: 'info',
  label: 'Uni3.0',
  timestamp: '2023-07-01T07:02:35.348Z'
}
{
  message: 'db connected successfully',
  level: 'info',
  label: 'Uni3.0',
  timestamp: '2023-07-01T07:02:45.064Z'
}
{
  message: 'Application listening on port 5000',
  level: 'info',
  label: 'Uni3.0',
  timestamp: '2023-07-01T07:02:45.071Z'
}
{
  message: 'db connected successfully',
  level: 'info',
  label: 'Uni3.0',
  timestamp: '2023-07-01T07:03:18.408Z'
}
{
  message: 'Application listening on port 5000',
  level: 'info',
  label: 'Uni3.0',
  timestamp: '2023-07-01T07:03:18.417Z'
}
{
  message: 'db connected successfully',
  level: 'info',
  label: 'Uni3.0',
  timestamp: '2023-07-01T07:03:25.811Z'
}
{
  message: 'Application listening on port 5000',
  level: 'info',
  label: 'Uni3.0',
  timestamp: '2023-07-01T07:03:25.816Z'
}
{
  message: 'db connected successfully',
  level: 'info',
  label: 'Uni3.0',
  timestamp: '2023-07-01T07:03:28.784Z'
}
{
  message: 'Application listening on port 5000',
  level: 'info',
  label: 'Uni3.0',
  timestamp: '2023-07-01T07:03:28.792Z'
}
{
  message: 'db connected successfully',
  level: 'info',
  label: 'Uni3.0',
  timestamp: '2023-07-01T07:03:32.294Z'
}
{
  message: 'Application listening on port 5000',
  level: 'info',
  label: 'Uni3.0',
  timestamp: '2023-07-01T07:03:32.301Z'
}
{
  message: 'db connected successfully',
  level: 'info',
  label: 'Uni3.0',
  timestamp: '2023-07-01T07:03:55.583Z'
}
{
  message: 'Application listening on port 5000',
  level: 'info',
  label: 'Uni3.0',
  timestamp: '2023-07-01T07:03:55.590Z'
}
{
  message: 'db connected successfully',
  level: 'info',
  label: 'Uni3.0',
  timestamp: '2023-07-01T07:03:59.815Z'
}
{
  message: 'Application listening on port 5000',
  level: 'info',
  label: 'Uni3.0',
  timestamp: '2023-07-01T07:03:59.822Z'
}
{
  message: 'db connected successfully',
  level: 'info',
  label: 'Uni3.0',
  timestamp: '2023-07-01T07:04:04.432Z'
}
{
  message: 'Application listening on port 5000',
  level: 'info',
  label: 'Uni3.0',
  timestamp: '2023-07-01T07:04:04.441Z'
}
{
  message: 'db connected successfully',
  level: 'info',
  label: 'Uni3.0',
  timestamp: '2023-07-01T07:04:21.274Z'
}
{
  message: 'Application listening on port 5000',
  level: 'info',
  label: 'Uni3.0',
  timestamp: '2023-07-01T07:04:21.282Z'
}
{
  message: 'db connected successfully',
  level: 'info',
  label: 'Uni3.0',
  timestamp: '2023-07-01T07:04:38.062Z'
}
{
  message: 'Application listening on port 5000',
  level: 'info',
  label: 'Uni3.0',
  timestamp: '2023-07-01T07:04:38.071Z'
}
{
  message: 'db connected successfully',
  level: 'info',
  label: 'Uni3.0',
  timestamp: '2023-07-01T07:04:43.911Z'
}
{
  message: 'Application listening on port 5000',
  level: 'info',
  label: 'Uni3.0',
  timestamp: '2023-07-01T07:04:43.920Z'
}
{
  message: 'db connected successfully',
  level: 'info',
  label: 'Uni3.0',
  timestamp: '2023-07-01T07:05:05.626Z'
}
{
  message: 'Application listening on port 5000',
  level: 'info',
  label: 'Uni3.0',
  timestamp: '2023-07-01T07:05:05.634Z'
}
{
  message: 'db connected successfully',
  level: 'info',
  label: 'Uni3.0',
  timestamp: '2023-07-01T07:05:22.844Z'
}
{
  message: 'Application listening on port 5000',
  level: 'info',
  label: 'Uni3.0',
  timestamp: '2023-07-01T07:05:22.852Z'
}
{
  message: 'db connected successfully',
  level: 'info',
  label: 'Uni3.0',
  timestamp: '2023-07-01T07:05:40.128Z'
}
{
  message: 'Application listening on port 5000',
  level: 'info',
  label: 'Uni3.0',
  timestamp: '2023-07-01T07:05:40.133Z'
}
{
  message: 'db connected successfully',
  level: 'info',
  label: 'Uni3.0',
  timestamp: '2023-07-01T07:05:43.498Z'
}
{
  message: 'Application listening on port 5000',
  level: 'info',
  label: 'Uni3.0',
  timestamp: '2023-07-01T07:05:43.507Z'
}
{
  message: 'db connected successfully',
  level: 'info',
  label: 'Uni3.0',
  timestamp: '2023-07-01T07:06:10.861Z'
}
{
  message: 'Application listening on port 5000',
  level: 'info',
  label: 'Uni3.0',
  timestamp: '2023-07-01T07:06:10.869Z'
}
{
  message: 'db connected successfully',
  level: 'info',
  label: 'Uni3.0',
  timestamp: '2023-07-01T07:06:42.401Z'
}
{
  message: 'Application listening on port 5000',
  level: 'info',
  label: 'Uni3.0',
  timestamp: '2023-07-01T07:06:42.430Z'
}
{
  message: 'db connected successfully',
  level: 'info',
  label: 'Uni3.0',
  timestamp: '2023-07-01T07:06:49.243Z'
}
{
  message: 'Application listening on port 5000',
  level: 'info',
  label: 'Uni3.0',
  timestamp: '2023-07-01T07:06:49.251Z'
}
{
  message: 'db connected successfully',
  level: 'info',
  label: 'Uni3.0',
  timestamp: '2023-07-01T07:07:06.206Z'
}
{
  message: 'Application listening on port 5000',
  level: 'info',
  label: 'Uni3.0',
  timestamp: '2023-07-01T07:07:06.214Z'
}
{
  message: 'db connected successfully',
  level: 'info',
  label: 'Uni3.0',
  timestamp: '2023-07-01T07:07:52.608Z'
}
{
  message: 'Application listening on port 5000',
  level: 'info',
  label: 'Uni3.0',
  timestamp: '2023-07-01T07:07:52.618Z'
}
{
  message: 'db connected successfully',
  level: 'info',
  label: 'Uni3.0',
  timestamp: '2023-07-01T07:08:10.368Z'
}
{
  message: 'Application listening on port 5000',
  level: 'info',
  label: 'Uni3.0',
  timestamp: '2023-07-01T07:08:10.372Z'
}
{
  message: 'db connected successfully',
  level: 'info',
  label: 'Uni3.0',
  timestamp: '2023-07-01T07:08:14.377Z'
}
{
  message: 'Application listening on port 5000',
  level: 'info',
  label: 'Uni3.0',
  timestamp: '2023-07-01T07:08:14.385Z'
}
{
  message: 'db connected successfully',
  level: 'info',
  label: 'Uni3.0',
  timestamp: '2023-07-01T07:08:17.526Z'
}
{
  message: 'Application listening on port 5000',
  level: 'info',
  label: 'Uni3.0',
  timestamp: '2023-07-01T07:08:17.535Z'
}
{
  message: 'db connected successfully',
  level: 'info',
  label: 'Uni3.0',
  timestamp: '2023-07-01T07:08:36.867Z'
}
{
  message: 'Application listening on port 5000',
  level: 'info',
  label: 'Uni3.0',
  timestamp: '2023-07-01T07:08:36.875Z'
}
{
  message: 'db connected successfully',
  level: 'info',
  label: 'Uni3.0',
  timestamp: '2023-07-01T07:08:40.742Z'
}
{
  message: 'Application listening on port 5000',
  level: 'info',
  label: 'Uni3.0',
  timestamp: '2023-07-01T07:08:40.748Z'
}
{
  message: 'db connected successfully',
  level: 'info',
  label: 'Uni3.0',
  timestamp: '2023-07-01T07:08:46.797Z'
}
{
  message: 'Application listening on port 5000',
  level: 'info',
  label: 'Uni3.0',
  timestamp: '2023-07-01T07:08:46.810Z'
}
{
  message: 'db connected successfully',
  level: 'info',
  label: 'Uni3.0',
  timestamp: '2023-07-01T07:08:50.616Z'
}
{
  message: 'Application listening on port 5000',
  level: 'info',
  label: 'Uni3.0',
  timestamp: '2023-07-01T07:08:50.623Z'
}
{
  message: 'db connected successfully',
  level: 'info',
  label: 'Uni3.0',
  timestamp: '2023-07-01T07:08:56.800Z'
}
{
  message: 'Application listening on port 5000',
  level: 'info',
  label: 'Uni3.0',
  timestamp: '2023-07-01T07:08:56.808Z'
}
{
  message: 'db connected successfully',
  level: 'info',
  label: 'Uni3.0',
  timestamp: '2023-07-01T07:09:02.038Z'
}
{
  message: 'Application listening on port 5000',
  level: 'info',
  label: 'Uni3.0',
  timestamp: '2023-07-01T07:09:02.048Z'
}
{
  message: 'db connected successfully',
  level: 'info',
  label: 'Uni3.0',
  timestamp: '2023-07-01T07:09:14.821Z'
}
{
  message: 'Application listening on port 5000',
  level: 'info',
  label: 'Uni3.0',
  timestamp: '2023-07-01T07:09:14.826Z'
}
{
  message: 'db connected successfully',
  level: 'info',
  label: 'Uni3.0',
  timestamp: '2023-07-01T07:09:22.052Z'
}
{
  message: 'Application listening on port 5000',
  level: 'info',
  label: 'Uni3.0',
  timestamp: '2023-07-01T07:09:22.061Z'
}
{
  message: 'db connected successfully',
  level: 'info',
  label: 'Uni3.0',
  timestamp: '2023-07-01T07:10:08.785Z'
}
{
  message: 'Application listening on port 5000',
  level: 'info',
  label: 'Uni3.0',
  timestamp: '2023-07-01T07:10:08.794Z'
}
{
  message: 'db connected successfully',
  level: 'info',
  label: 'Uni3.0',
  timestamp: '2023-07-01T07:10:15.824Z'
}
{
  message: 'Application listening on port 5000',
  level: 'info',
  label: 'Uni3.0',
  timestamp: '2023-07-01T07:10:15.834Z'
}
{
  message: 'db connected successfully',
  level: 'info',
  label: 'Uni3.0',
  timestamp: '2023-07-01T07:13:25.611Z'
}
{
  message: 'Application listening on port 5000',
  level: 'info',
  label: 'Uni3.0',
  timestamp: '2023-07-01T07:13:25.621Z'
}
{
  message: 'db connected successfully',
  level: 'info',
  label: 'Uni3.0',
  timestamp: '2023-07-01T07:13:29.906Z'
}
{
  message: 'Application listening on port 5000',
  level: 'info',
  label: 'Uni3.0',
  timestamp: '2023-07-01T07:13:29.915Z'
}
{
  message: 'db connected successfully',
  level: 'info',
  label: 'Uni3.0',
  timestamp: '2023-07-01T07:13:38.574Z'
}
{
  message: 'Application listening on port 5000',
  level: 'info',
  label: 'Uni3.0',
  timestamp: '2023-07-01T07:13:38.585Z'
}
{
  message: 'db connected successfully',
  level: 'info',
  label: 'Uni3.0',
  timestamp: '2023-07-01T07:14:00.947Z'
}
{
  message: 'Application listening on port 5000',
  level: 'info',
  label: 'Uni3.0',
  timestamp: '2023-07-01T07:14:00.957Z'
}
{
  message: 'db connected successfully',
  level: 'info',
  label: 'Uni3.0',
  timestamp: '2023-07-01T07:14:23.128Z'
}
{
  message: 'Application listening on port 5000',
  level: 'info',
  label: 'Uni3.0',
  timestamp: '2023-07-01T07:14:23.142Z'
}
{
  message: 'db connected successfully',
  level: 'info',
  label: 'Uni3.0',
  timestamp: '2023-07-01T07:14:26.261Z'
}
{
  message: 'Application listening on port 5000',
  level: 'info',
  label: 'Uni3.0',
  timestamp: '2023-07-01T07:14:26.271Z'
}
{
  message: 'db connected successfully',
  level: 'info',
  label: 'Uni3.0',
  timestamp: '2023-07-01T07:14:30.634Z'
}
{
  message: 'Application listening on port 5000',
  level: 'info',
  label: 'Uni3.0',
  timestamp: '2023-07-01T07:14:30.644Z'
}
{
  message: 'db connected successfully',
  level: 'info',
  label: 'Uni3.0',
  timestamp: '2023-07-01T07:14:34.507Z'
}
{
  message: 'Application listening on port 5000',
  level: 'info',
  label: 'Uni3.0',
  timestamp: '2023-07-01T07:14:34.519Z'
}
{
  message: 'db connected successfully',
  level: 'info',
  label: 'Uni3.0',
  timestamp: '2023-07-01T07:14:55.073Z'
}
{
  message: 'Application listening on port 5000',
  level: 'info',
  label: 'Uni3.0',
  timestamp: '2023-07-01T07:14:55.082Z'
}
{
  message: 'db connected successfully',
  level: 'info',
  label: 'Uni3.0',
  timestamp: '2023-07-01T07:14:59.647Z'
}
{
  message: 'Application listening on port 5000',
  level: 'info',
  label: 'Uni3.0',
  timestamp: '2023-07-01T07:14:59.653Z'
}
{
  message: 'db connected successfully',
  level: 'info',
  label: 'Uni3.0',
  timestamp: '2023-07-01T07:15:02.481Z'
}
{
  message: 'Application listening on port 5000',
  level: 'info',
  label: 'Uni3.0',
  timestamp: '2023-07-01T07:15:02.491Z'
}
{
  message: 'db connected successfully',
  level: 'info',
  label: 'Uni3.0',
  timestamp: '2023-07-01T07:15:05.536Z'
}
{
  message: 'Application listening on port 5000',
  level: 'info',
  label: 'Uni3.0',
  timestamp: '2023-07-01T07:15:05.548Z'
}
{
  message: 'db connected successfully',
  level: 'info',
  label: 'Uni3.0',
  timestamp: '2023-07-01T07:15:10.822Z'
}
{
  message: 'Application listening on port 5000',
  level: 'info',
  label: 'Uni3.0',
  timestamp: '2023-07-01T07:15:10.832Z'
}
{
  message: 'db connected successfully',
  level: 'info',
  label: 'Uni3.0',
  timestamp: '2023-07-01T07:15:21.895Z'
}
{
  message: 'Application listening on port 5000',
  level: 'info',
  label: 'Uni3.0',
  timestamp: '2023-07-01T07:15:21.905Z'
}
