{
  message: 'db connected successfully',
  level: 'info',
  label: 'Uni3.0',
  timestamp: '2023-09-18T16:08:17.224Z'
}
{
  message: 'Application listening on port 3001',
  level: 'info',
  label: 'Uni3.0',
  timestamp: '2023-09-18T16:08:17.237Z'
}
{
  message: 'db connected successfully',
  level: 'info',
  label: 'Uni3.0',
  timestamp: '2023-09-18T16:08:25.088Z'
}
{
  message: 'Application listening on port 3001',
  level: 'info',
  label: 'Uni3.0',
  timestamp: '2023-09-18T16:08:25.100Z'
}
{
  message: 'db connected successfully',
  level: 'info',
  label: 'Uni3.0',
  timestamp: '2023-09-18T16:46:05.833Z'
}
{
  message: 'Application listening on port 3001',
  level: 'info',
  label: 'Uni3.0',
  timestamp: '2023-09-18T16:46:05.844Z'
}
