{
  message: 'db connected successfully',
  level: 'info',
  label: 'Uni3.0',
  timestamp: '2023-06-26T19:29:12.302Z'
}
{
  message: 'Application listening on port 5000',
  level: 'info',
  label: 'Uni3.0',
  timestamp: '2023-06-26T19:29:12.309Z'
}
{
  message: 'db connected successfully',
  level: 'info',
  label: 'Uni3.0',
  timestamp: '2023-06-26T19:29:26.108Z'
}
{
  message: 'Application listening on port 5000',
  level: 'info',
  label: 'Uni3.0',
  timestamp: '2023-06-26T19:29:26.115Z'
}
{
  message: 'db connected successfully',
  level: 'info',
  label: 'Uni3.0',
  timestamp: '2023-06-26T19:29:30.986Z'
}
{
  message: 'Application listening on port 5000',
  level: 'info',
  label: 'Uni3.0',
  timestamp: '2023-06-26T19:29:30.993Z'
}
{
  message: 'db connected successfully',
  level: 'info',
  label: 'Uni3.0',
  timestamp: '2023-06-26T19:29:38.184Z'
}
{
  message: 'Application listening on port 5000',
  level: 'info',
  label: 'Uni3.0',
  timestamp: '2023-06-26T19:29:38.191Z'
}
{
  message: 'db connected successfully',
  level: 'info',
  label: 'Uni3.0',
  timestamp: '2023-06-26T19:30:29.334Z'
}
{
  message: 'Application listening on port 5000',
  level: 'info',
  label: 'Uni3.0',
  timestamp: '2023-06-26T19:30:29.338Z'
}
{
  message: 'db connected successfully',
  level: 'info',
  label: 'Uni3.0',
  timestamp: '2023-06-26T19:30:35.605Z'
}
{
  message: 'Application listening on port 5000',
  level: 'info',
  label: 'Uni3.0',
  timestamp: '2023-06-26T19:30:35.612Z'
}
{
  message: 'db connected successfully',
  level: 'info',
  label: 'Uni3.0',
  timestamp: '2023-06-26T19:31:10.776Z'
}
{
  message: 'Application listening on port 5000',
  level: 'info',
  label: 'Uni3.0',
  timestamp: '2023-06-26T19:31:10.783Z'
}
{
  message: 'db connected successfully',
  level: 'info',
  label: 'Uni3.0',
  timestamp: '2023-06-26T19:31:14.569Z'
}
{
  message: 'Application listening on port 5000',
  level: 'info',
  label: 'Uni3.0',
  timestamp: '2023-06-26T19:31:14.579Z'
}
{
  message: 'db connected successfully',
  level: 'info',
  label: 'Uni3.0',
  timestamp: '2023-06-26T19:31:22.177Z'
}
{
  message: 'Application listening on port 5000',
  level: 'info',
  label: 'Uni3.0',
  timestamp: '2023-06-26T19:31:22.185Z'
}
{
  message: 'db connected successfully',
  level: 'info',
  label: 'Uni3.0',
  timestamp: '2023-06-26T19:31:27.763Z'
}
{
  message: 'Application listening on port 5000',
  level: 'info',
  label: 'Uni3.0',
  timestamp: '2023-06-26T19:31:27.770Z'
}
{
  message: 'db connected successfully',
  level: 'info',
  label: 'Uni3.0',
  timestamp: '2023-06-26T19:31:32.019Z'
}
{
  message: 'Application listening on port 5000',
  level: 'info',
  label: 'Uni3.0',
  timestamp: '2023-06-26T19:31:32.026Z'
}
{
  message: 'db connected successfully',
  level: 'info',
  label: 'Uni3.0',
  timestamp: '2023-06-26T19:31:37.574Z'
}
{
  message: 'Application listening on port 5000',
  level: 'info',
  label: 'Uni3.0',
  timestamp: '2023-06-26T19:31:37.580Z'
}
{
  message: 'db connected successfully',
  level: 'info',
  label: 'Uni3.0',
  timestamp: '2023-06-26T19:34:52.768Z'
}
{
  message: 'Application listening on port 5000',
  level: 'info',
  label: 'Uni3.0',
  timestamp: '2023-06-26T19:34:52.777Z'
}
{
  message: 'db connected successfully',
  level: 'info',
  label: 'Uni3.0',
  timestamp: '2023-06-26T19:35:09.119Z'
}
{
  message: 'Application listening on port 5000',
  level: 'info',
  label: 'Uni3.0',
  timestamp: '2023-06-26T19:35:09.125Z'
}
{
  message: 'db connected successfully',
  level: 'info',
  label: 'Uni3.0',
  timestamp: '2023-06-26T19:35:14.122Z'
}
{
  message: 'Application listening on port 5000',
  level: 'info',
  label: 'Uni3.0',
  timestamp: '2023-06-26T19:35:14.130Z'
}
{
  message: 'db connected successfully',
  level: 'info',
  label: 'Uni3.0',
  timestamp: '2023-06-26T19:35:39.580Z'
}
{
  message: 'Application listening on port 5000',
  level: 'info',
  label: 'Uni3.0',
  timestamp: '2023-06-26T19:35:39.584Z'
}
{
  message: 'db connected successfully',
  level: 'info',
  label: 'Uni3.0',
  timestamp: '2023-06-26T19:36:49.045Z'
}
{
  message: 'Application listening on port 5000',
  level: 'info',
  label: 'Uni3.0',
  timestamp: '2023-06-26T19:36:49.051Z'
}
{
  message: 'db connected successfully',
  level: 'info',
  label: 'Uni3.0',
  timestamp: '2023-06-26T19:36:52.680Z'
}
{
  message: 'Application listening on port 5000',
  level: 'info',
  label: 'Uni3.0',
  timestamp: '2023-06-26T19:36:52.694Z'
}
{
  message: 'db connected successfully',
  level: 'info',
  label: 'Uni3.0',
  timestamp: '2023-06-26T19:36:59.945Z'
}
{
  message: 'Application listening on port 5000',
  level: 'info',
  label: 'Uni3.0',
  timestamp: '2023-06-26T19:36:59.950Z'
}
{
  message: 'db connected successfully',
  level: 'info',
  label: 'Uni3.0',
  timestamp: '2023-06-26T19:37:03.462Z'
}
{
  message: 'Application listening on port 5000',
  level: 'info',
  label: 'Uni3.0',
  timestamp: '2023-06-26T19:37:03.466Z'
}
{
  message: 'db connected successfully',
  level: 'info',
  label: 'Uni3.0',
  timestamp: '2023-06-26T19:37:27.812Z'
}
{
  message: 'Application listening on port 5000',
  level: 'info',
  label: 'Uni3.0',
  timestamp: '2023-06-26T19:37:27.817Z'
}
{
  message: 'db connected successfully',
  level: 'info',
  label: 'Uni3.0',
  timestamp: '2023-06-26T19:38:12.489Z'
}
{
  message: 'Application listening on port 5000',
  level: 'info',
  label: 'Uni3.0',
  timestamp: '2023-06-26T19:38:12.497Z'
}
{
  message: 'db connected successfully',
  level: 'info',
  label: 'Uni3.0',
  timestamp: '2023-06-26T19:38:15.824Z'
}
{
  message: 'Application listening on port 5000',
  level: 'info',
  label: 'Uni3.0',
  timestamp: '2023-06-26T19:38:15.828Z'
}
{
  message: 'db connected successfully',
  level: 'info',
  label: 'Uni3.0',
  timestamp: '2023-06-26T19:38:20.079Z'
}
{
  message: 'Application listening on port 5000',
  level: 'info',
  label: 'Uni3.0',
  timestamp: '2023-06-26T19:38:20.083Z'
}
{
  message: 'db connected successfully',
  level: 'info',
  label: 'Uni3.0',
  timestamp: '2023-06-26T19:39:17.802Z'
}
{
  message: 'Application listening on port 5000',
  level: 'info',
  label: 'Uni3.0',
  timestamp: '2023-06-26T19:39:17.808Z'
}
{
  message: 'db connected successfully',
  level: 'info',
  label: 'Uni3.0',
  timestamp: '2023-06-26T19:40:22.794Z'
}
{
  message: 'Application listening on port 5000',
  level: 'info',
  label: 'Uni3.0',
  timestamp: '2023-06-26T19:40:22.801Z'
}
{
  message: 'db connected successfully',
  level: 'info',
  label: 'Uni3.0',
  timestamp: '2023-06-26T19:40:51.002Z'
}
{
  message: 'Application listening on port 5000',
  level: 'info',
  label: 'Uni3.0',
  timestamp: '2023-06-26T19:40:51.008Z'
}
{
  message: 'db connected successfully',
  level: 'info',
  label: 'Uni3.0',
  timestamp: '2023-06-26T19:40:59.160Z'
}
{
  message: 'Application listening on port 5000',
  level: 'info',
  label: 'Uni3.0',
  timestamp: '2023-06-26T19:40:59.165Z'
}
{
  message: 'db connected successfully',
  level: 'info',
  label: 'Uni3.0',
  timestamp: '2023-06-26T19:41:01.952Z'
}
{
  message: 'Application listening on port 5000',
  level: 'info',
  label: 'Uni3.0',
  timestamp: '2023-06-26T19:41:01.958Z'
}
{
  message: 'db connected successfully',
  level: 'info',
  label: 'Uni3.0',
  timestamp: '2023-06-26T19:43:14.422Z'
}
{
  message: 'Application listening on port 5000',
  level: 'info',
  label: 'Uni3.0',
  timestamp: '2023-06-26T19:43:14.432Z'
}
{
  message: 'db connected successfully',
  level: 'info',
  label: 'Uni3.0',
  timestamp: '2023-06-26T19:43:19.014Z'
}
{
  message: 'Application listening on port 5000',
  level: 'info',
  label: 'Uni3.0',
  timestamp: '2023-06-26T19:43:19.021Z'
}
{
  message: 'db connected successfully',
  level: 'info',
  label: 'Uni3.0',
  timestamp: '2023-06-26T19:43:40.503Z'
}
{
  message: 'Application listening on port 5000',
  level: 'info',
  label: 'Uni3.0',
  timestamp: '2023-06-26T19:43:40.511Z'
}
{
  message: 'db connected successfully',
  level: 'info',
  label: 'Uni3.0',
  timestamp: '2023-06-26T19:44:33.586Z'
}
{
  message: 'Application listening on port 5000',
  level: 'info',
  label: 'Uni3.0',
  timestamp: '2023-06-26T19:44:33.592Z'
}
{
  message: 'db connected successfully',
  level: 'info',
  label: 'Uni3.0',
  timestamp: '2023-06-26T19:44:42.534Z'
}
{
  message: 'Application listening on port 5000',
  level: 'info',
  label: 'Uni3.0',
  timestamp: '2023-06-26T19:44:42.541Z'
}
{
  message: 'db connected successfully',
  level: 'info',
  label: 'Uni3.0',
  timestamp: '2023-06-26T19:45:03.896Z'
}
{
  message: 'Application listening on port 5000',
  level: 'info',
  label: 'Uni3.0',
  timestamp: '2023-06-26T19:45:03.904Z'
}
{
  message: 'db connected successfully',
  level: 'info',
  label: 'Uni3.0',
  timestamp: '2023-06-26T19:45:07.915Z'
}
{
  message: 'Application listening on port 5000',
  level: 'info',
  label: 'Uni3.0',
  timestamp: '2023-06-26T19:45:07.921Z'
}
{
  message: 'db connected successfully',
  level: 'info',
  label: 'Uni3.0',
  timestamp: '2023-06-26T19:45:20.734Z'
}
{
  message: 'Application listening on port 5000',
  level: 'info',
  label: 'Uni3.0',
  timestamp: '2023-06-26T19:45:20.741Z'
}
{
  message: 'db connected successfully',
  level: 'info',
  label: 'Uni3.0',
  timestamp: '2023-06-26T19:45:31.212Z'
}
{
  message: 'Application listening on port 5000',
  level: 'info',
  label: 'Uni3.0',
  timestamp: '2023-06-26T19:45:31.220Z'
}
{
  message: 'db connected successfully',
  level: 'info',
  label: 'Uni3.0',
  timestamp: '2023-06-26T19:57:13.458Z'
}
{
  message: 'Application listening on port 5000',
  level: 'info',
  label: 'Uni3.0',
  timestamp: '2023-06-26T19:57:13.465Z'
}
{
  message: 'db connected successfully',
  level: 'info',
  label: 'Uni3.0',
  timestamp: '2023-06-26T19:57:59.608Z'
}
{
  message: 'Application listening on port 5000',
  level: 'info',
  label: 'Uni3.0',
  timestamp: '2023-06-26T19:57:59.616Z'
}
