{
  message: 'db connected successfully',
  level: 'info',
  label: 'Uni3.0',
  timestamp: '2023-06-27T19:00:04.603Z'
}
{
  message: 'Application listening on port 5000',
  level: 'info',
  label: 'Uni3.0',
  timestamp: '2023-06-27T19:00:04.610Z'
}
{
  message: 'db connected successfully',
  level: 'info',
  label: 'Uni3.0',
  timestamp: '2023-06-27T19:00:11.305Z'
}
{
  message: 'Application listening on port 5000',
  level: 'info',
  label: 'Uni3.0',
  timestamp: '2023-06-27T19:00:11.309Z'
}
{
  message: 'db connected successfully',
  level: 'info',
  label: 'Uni3.0',
  timestamp: '2023-06-27T19:00:41.097Z'
}
{
  message: 'Application listening on port 5000',
  level: 'info',
  label: 'Uni3.0',
  timestamp: '2023-06-27T19:00:41.107Z'
}
{
  message: 'db connected successfully',
  level: 'info',
  label: 'Uni3.0',
  timestamp: '2023-06-27T19:01:33.967Z'
}
{
  message: 'Application listening on port 5000',
  level: 'info',
  label: 'Uni3.0',
  timestamp: '2023-06-27T19:01:33.973Z'
}
{
  message: 'db connected successfully',
  level: 'info',
  label: 'Uni3.0',
  timestamp: '2023-06-27T19:01:40.103Z'
}
{
  message: 'Application listening on port 5000',
  level: 'info',
  label: 'Uni3.0',
  timestamp: '2023-06-27T19:01:40.109Z'
}
{
  message: 'db connected successfully',
  level: 'info',
  label: 'Uni3.0',
  timestamp: '2023-06-27T19:02:07.339Z'
}
{
  message: 'Application listening on port 5000',
  level: 'info',
  label: 'Uni3.0',
  timestamp: '2023-06-27T19:02:07.346Z'
}
{
  message: 'db connected successfully',
  level: 'info',
  label: 'Uni3.0',
  timestamp: '2023-06-27T19:02:16.549Z'
}
{
  message: 'Application listening on port 5000',
  level: 'info',
  label: 'Uni3.0',
  timestamp: '2023-06-27T19:02:16.554Z'
}
{
  message: 'db connected successfully',
  level: 'info',
  label: 'Uni3.0',
  timestamp: '2023-06-27T19:02:24.235Z'
}
{
  message: 'Application listening on port 5000',
  level: 'info',
  label: 'Uni3.0',
  timestamp: '2023-06-27T19:02:24.243Z'
}
{
  message: 'db connected successfully',
  level: 'info',
  label: 'Uni3.0',
  timestamp: '2023-06-27T19:02:37.656Z'
}
{
  message: 'Application listening on port 5000',
  level: 'info',
  label: 'Uni3.0',
  timestamp: '2023-06-27T19:02:37.664Z'
}
{
  message: 'db connected successfully',
  level: 'info',
  label: 'Uni3.0',
  timestamp: '2023-06-27T19:03:20.790Z'
}
{
  message: 'Application listening on port 5000',
  level: 'info',
  label: 'Uni3.0',
  timestamp: '2023-06-27T19:03:20.797Z'
}
{
  message: 'db connected successfully',
  level: 'info',
  label: 'Uni3.0',
  timestamp: '2023-06-27T19:04:32.336Z'
}
{
  message: 'Application listening on port 5000',
  level: 'info',
  label: 'Uni3.0',
  timestamp: '2023-06-27T19:04:32.343Z'
}
{
  message: 'db connected successfully',
  level: 'info',
  label: 'Uni3.0',
  timestamp: '2023-06-27T19:06:10.758Z'
}
{
  message: 'Application listening on port 5000',
  level: 'info',
  label: 'Uni3.0',
  timestamp: '2023-06-27T19:06:10.764Z'
}
{
  message: 'db connected successfully',
  level: 'info',
  label: 'Uni3.0',
  timestamp: '2023-06-27T19:07:22.536Z'
}
{
  message: 'Application listening on port 5000',
  level: 'info',
  label: 'Uni3.0',
  timestamp: '2023-06-27T19:07:22.543Z'
}
{
  message: 'db connected successfully',
  level: 'info',
  label: 'Uni3.0',
  timestamp: '2023-06-27T19:07:28.881Z'
}
{
  message: 'Application listening on port 5000',
  level: 'info',
  label: 'Uni3.0',
  timestamp: '2023-06-27T19:07:28.898Z'
}
{
  message: 'db connected successfully',
  level: 'info',
  label: 'Uni3.0',
  timestamp: '2023-06-27T19:07:34.138Z'
}
{
  message: 'Application listening on port 5000',
  level: 'info',
  label: 'Uni3.0',
  timestamp: '2023-06-27T19:07:34.145Z'
}
{
  message: 'db connected successfully',
  level: 'info',
  label: 'Uni3.0',
  timestamp: '2023-06-27T19:09:43.640Z'
}
{
  message: 'Application listening on port 5000',
  level: 'info',
  label: 'Uni3.0',
  timestamp: '2023-06-27T19:09:43.647Z'
}
{
  message: 'db connected successfully',
  level: 'info',
  label: 'Uni3.0',
  timestamp: '2023-06-27T19:09:48.035Z'
}
{
  message: 'Application listening on port 5000',
  level: 'info',
  label: 'Uni3.0',
  timestamp: '2023-06-27T19:09:48.043Z'
}
{
  message: 'db connected successfully',
  level: 'info',
  label: 'Uni3.0',
  timestamp: '2023-06-27T19:09:57.165Z'
}
{
  message: 'Application listening on port 5000',
  level: 'info',
  label: 'Uni3.0',
  timestamp: '2023-06-27T19:09:57.172Z'
}
{
  message: 'db connected successfully',
  level: 'info',
  label: 'Uni3.0',
  timestamp: '2023-06-27T19:11:49.651Z'
}
{
  message: 'Application listening on port 5000',
  level: 'info',
  label: 'Uni3.0',
  timestamp: '2023-06-27T19:11:49.658Z'
}
{
  message: 'db connected successfully',
  level: 'info',
  label: 'Uni3.0',
  timestamp: '2023-06-27T19:11:57.086Z'
}
{
  message: 'Application listening on port 5000',
  level: 'info',
  label: 'Uni3.0',
  timestamp: '2023-06-27T19:11:57.093Z'
}
{
  message: 'db connected successfully',
  level: 'info',
  label: 'Uni3.0',
  timestamp: '2023-06-27T19:12:00.216Z'
}
{
  message: 'Application listening on port 5000',
  level: 'info',
  label: 'Uni3.0',
  timestamp: '2023-06-27T19:12:00.222Z'
}
{
  message: 'db connected successfully',
  level: 'info',
  label: 'Uni3.0',
  timestamp: '2023-06-27T19:12:09.991Z'
}
{
  message: 'Application listening on port 5000',
  level: 'info',
  label: 'Uni3.0',
  timestamp: '2023-06-27T19:12:09.998Z'
}
{
  message: 'db connected successfully',
  level: 'info',
  label: 'Uni3.0',
  timestamp: '2023-06-27T19:12:13.627Z'
}
{
  message: 'Application listening on port 5000',
  level: 'info',
  label: 'Uni3.0',
  timestamp: '2023-06-27T19:12:13.634Z'
}
{
  message: 'db connected successfully',
  level: 'info',
  label: 'Uni3.0',
  timestamp: '2023-06-27T19:12:19.170Z'
}
{
  message: 'Application listening on port 5000',
  level: 'info',
  label: 'Uni3.0',
  timestamp: '2023-06-27T19:12:19.181Z'
}
{
  message: 'db connected successfully',
  level: 'info',
  label: 'Uni3.0',
  timestamp: '2023-06-27T19:12:31.123Z'
}
{
  message: 'Application listening on port 5000',
  level: 'info',
  label: 'Uni3.0',
  timestamp: '2023-06-27T19:12:31.130Z'
}
