{
  message: 'db connected successfully',
  level: 'info',
  label: 'Uni3.0',
  timestamp: '2023-06-30T06:00:21.325Z'
}
{
  message: 'Application listening on port 5000',
  level: 'info',
  label: 'Uni3.0',
  timestamp: '2023-06-30T06:00:21.330Z'
}
{
  message: 'db connected successfully',
  level: 'info',
  label: 'Uni3.0',
  timestamp: '2023-06-30T06:00:24.950Z'
}
{
  message: 'Application listening on port 5000',
  level: 'info',
  label: 'Uni3.0',
  timestamp: '2023-06-30T06:00:24.955Z'
}
{
  message: 'db connected successfully',
  level: 'info',
  label: 'Uni3.0',
  timestamp: '2023-06-30T06:00:29.080Z'
}
{
  message: 'Application listening on port 5000',
  level: 'info',
  label: 'Uni3.0',
  timestamp: '2023-06-30T06:00:29.087Z'
}
{
  message: 'db connected successfully',
  level: 'info',
  label: 'Uni3.0',
  timestamp: '2023-06-30T06:00:32.834Z'
}
{
  message: 'Application listening on port 5000',
  level: 'info',
  label: 'Uni3.0',
  timestamp: '2023-06-30T06:00:32.838Z'
}
{
  message: 'db connected successfully',
  level: 'info',
  label: 'Uni3.0',
  timestamp: '2023-06-30T06:00:35.598Z'
}
{
  message: 'Application listening on port 5000',
  level: 'info',
  label: 'Uni3.0',
  timestamp: '2023-06-30T06:00:35.603Z'
}
{
  message: 'db connected successfully',
  level: 'info',
  label: 'Uni3.0',
  timestamp: '2023-06-30T06:01:08.936Z'
}
{
  message: 'Application listening on port 5000',
  level: 'info',
  label: 'Uni3.0',
  timestamp: '2023-06-30T06:01:08.943Z'
}
{
  message: 'db connected successfully',
  level: 'info',
  label: 'Uni3.0',
  timestamp: '2023-06-30T06:01:11.704Z'
}
{
  message: 'Application listening on port 5000',
  level: 'info',
  label: 'Uni3.0',
  timestamp: '2023-06-30T06:01:11.710Z'
}
