{
  message: 'db connected successfully',
  level: 'info',
  label: 'Uni3.0',
  timestamp: '2023-06-30T11:05:15.820Z'
}
{
  message: 'Application listening on port 5000',
  level: 'info',
  label: 'Uni3.0',
  timestamp: '2023-06-30T11:05:15.827Z'
}
{
  message: 'db connected successfully',
  level: 'info',
  label: 'Uni3.0',
  timestamp: '2023-06-30T11:18:13.831Z'
}
{
  message: 'Application listening on port 5000',
  level: 'info',
  label: 'Uni3.0',
  timestamp: '2023-06-30T11:18:13.846Z'
}
{
  message: 'db connected successfully',
  level: 'info',
  label: 'Uni3.0',
  timestamp: '2023-06-30T11:18:27.192Z'
}
{
  message: 'Application listening on port 5000',
  level: 'info',
  label: 'Uni3.0',
  timestamp: '2023-06-30T11:18:27.199Z'
}
{
  message: 'db connected successfully',
  level: 'info',
  label: 'Uni3.0',
  timestamp: '2023-06-30T11:19:53.686Z'
}
{
  message: 'Application listening on port 5000',
  level: 'info',
  label: 'Uni3.0',
  timestamp: '2023-06-30T11:19:53.690Z'
}
{
  message: 'db connected successfully',
  level: 'info',
  label: 'Uni3.0',
  timestamp: '2023-06-30T11:23:33.985Z'
}
{
  message: 'Application listening on port 5000',
  level: 'info',
  label: 'Uni3.0',
  timestamp: '2023-06-30T11:23:33.992Z'
}
{
  message: 'db connected successfully',
  level: 'info',
  label: 'Uni3.0',
  timestamp: '2023-06-30T11:23:50.617Z'
}
{
  message: 'Application listening on port 5000',
  level: 'info',
  label: 'Uni3.0',
  timestamp: '2023-06-30T11:23:50.629Z'
}
{
  message: 'db connected successfully',
  level: 'info',
  label: 'Uni3.0',
  timestamp: '2023-06-30T11:24:00.222Z'
}
{
  message: 'Application listening on port 5000',
  level: 'info',
  label: 'Uni3.0',
  timestamp: '2023-06-30T11:24:00.229Z'
}
{
  message: 'db connected successfully',
  level: 'info',
  label: 'Uni3.0',
  timestamp: '2023-06-30T11:24:14.280Z'
}
{
  message: 'Application listening on port 5000',
  level: 'info',
  label: 'Uni3.0',
  timestamp: '2023-06-30T11:24:14.289Z'
}
{
  message: 'db connected successfully',
  level: 'info',
  label: 'Uni3.0',
  timestamp: '2023-06-30T11:24:26.642Z'
}
{
  message: 'Application listening on port 5000',
  level: 'info',
  label: 'Uni3.0',
  timestamp: '2023-06-30T11:24:26.650Z'
}
{
  message: 'db connected successfully',
  level: 'info',
  label: 'Uni3.0',
  timestamp: '2023-06-30T11:24:42.461Z'
}
{
  message: 'Application listening on port 5000',
  level: 'info',
  label: 'Uni3.0',
  timestamp: '2023-06-30T11:24:42.469Z'
}
{
  message: 'db connected successfully',
  level: 'info',
  label: 'Uni3.0',
  timestamp: '2023-06-30T11:25:04.538Z'
}
{
  message: 'Application listening on port 5000',
  level: 'info',
  label: 'Uni3.0',
  timestamp: '2023-06-30T11:25:04.547Z'
}
{
  message: 'db connected successfully',
  level: 'info',
  label: 'Uni3.0',
  timestamp: '2023-06-30T11:32:08.546Z'
}
{
  message: 'Application listening on port 5000',
  level: 'info',
  label: 'Uni3.0',
  timestamp: '2023-06-30T11:32:08.552Z'
}
{
  message: 'db connected successfully',
  level: 'info',
  label: 'Uni3.0',
  timestamp: '2023-06-30T11:32:23.922Z'
}
{
  message: 'Application listening on port 5000',
  level: 'info',
  label: 'Uni3.0',
  timestamp: '2023-06-30T11:32:23.927Z'
}
{
  message: 'db connected successfully',
  level: 'info',
  label: 'Uni3.0',
  timestamp: '2023-06-30T11:33:56.029Z'
}
{
  message: 'Application listening on port 5000',
  level: 'info',
  label: 'Uni3.0',
  timestamp: '2023-06-30T11:33:56.034Z'
}
{
  message: 'db connected successfully',
  level: 'info',
  label: 'Uni3.0',
  timestamp: '2023-06-30T11:35:13.466Z'
}
{
  message: 'Application listening on port 5000',
  level: 'info',
  label: 'Uni3.0',
  timestamp: '2023-06-30T11:35:13.480Z'
}
{
  message: 'db connected successfully',
  level: 'info',
  label: 'Uni3.0',
  timestamp: '2023-06-30T11:35:16.290Z'
}
{
  message: 'Application listening on port 5000',
  level: 'info',
  label: 'Uni3.0',
  timestamp: '2023-06-30T11:35:16.298Z'
}
{
  message: 'db connected successfully',
  level: 'info',
  label: 'Uni3.0',
  timestamp: '2023-06-30T11:47:40.112Z'
}
{
  message: 'Application listening on port 5000',
  level: 'info',
  label: 'Uni3.0',
  timestamp: '2023-06-30T11:47:40.119Z'
}
{
  message: 'db connected successfully',
  level: 'info',
  label: 'Uni3.0',
  timestamp: '2023-06-30T11:49:00.430Z'
}
{
  message: 'Application listening on port 5000',
  level: 'info',
  label: 'Uni3.0',
  timestamp: '2023-06-30T11:49:00.437Z'
}
{
  message: 'db connected successfully',
  level: 'info',
  label: 'Uni3.0',
  timestamp: '2023-06-30T11:49:07.837Z'
}
{
  message: 'Application listening on port 5000',
  level: 'info',
  label: 'Uni3.0',
  timestamp: '2023-06-30T11:49:07.845Z'
}
{
  message: 'db connected successfully',
  level: 'info',
  label: 'Uni3.0',
  timestamp: '2023-06-30T11:49:27.059Z'
}
{
  message: 'Application listening on port 5000',
  level: 'info',
  label: 'Uni3.0',
  timestamp: '2023-06-30T11:49:27.068Z'
}
{
  message: 'db connected successfully',
  level: 'info',
  label: 'Uni3.0',
  timestamp: '2023-06-30T11:49:36.387Z'
}
{
  message: 'Application listening on port 5000',
  level: 'info',
  label: 'Uni3.0',
  timestamp: '2023-06-30T11:49:36.395Z'
}
{
  message: 'db connected successfully',
  level: 'info',
  label: 'Uni3.0',
  timestamp: '2023-06-30T11:50:21.570Z'
}
{
  message: 'Application listening on port 5000',
  level: 'info',
  label: 'Uni3.0',
  timestamp: '2023-06-30T11:50:21.577Z'
}
{
  message: 'db connected successfully',
  level: 'info',
  label: 'Uni3.0',
  timestamp: '2023-06-30T11:50:51.823Z'
}
{
  message: 'Application listening on port 5000',
  level: 'info',
  label: 'Uni3.0',
  timestamp: '2023-06-30T11:50:51.830Z'
}
{
  message: 'db connected successfully',
  level: 'info',
  label: 'Uni3.0',
  timestamp: '2023-06-30T11:51:03.616Z'
}
{
  message: 'Application listening on port 5000',
  level: 'info',
  label: 'Uni3.0',
  timestamp: '2023-06-30T11:51:03.621Z'
}
{
  message: 'db connected successfully',
  level: 'info',
  label: 'Uni3.0',
  timestamp: '2023-06-30T11:51:12.984Z'
}
{
  message: 'Application listening on port 5000',
  level: 'info',
  label: 'Uni3.0',
  timestamp: '2023-06-30T11:51:12.989Z'
}
{
  message: 'db connected successfully',
  level: 'info',
  label: 'Uni3.0',
  timestamp: '2023-06-30T11:51:17.238Z'
}
{
  message: 'Application listening on port 5000',
  level: 'info',
  label: 'Uni3.0',
  timestamp: '2023-06-30T11:51:17.242Z'
}
{
  message: 'db connected successfully',
  level: 'info',
  label: 'Uni3.0',
  timestamp: '2023-06-30T11:51:40.729Z'
}
{
  message: 'Application listening on port 5000',
  level: 'info',
  label: 'Uni3.0',
  timestamp: '2023-06-30T11:51:40.736Z'
}
{
  message: 'db connected successfully',
  level: 'info',
  label: 'Uni3.0',
  timestamp: '2023-06-30T11:51:44.256Z'
}
{
  message: 'Application listening on port 5000',
  level: 'info',
  label: 'Uni3.0',
  timestamp: '2023-06-30T11:51:44.264Z'
}
{
  message: 'db connected successfully',
  level: 'info',
  label: 'Uni3.0',
  timestamp: '2023-06-30T11:51:47.925Z'
}
{
  message: 'Application listening on port 5000',
  level: 'info',
  label: 'Uni3.0',
  timestamp: '2023-06-30T11:51:47.934Z'
}
{
  message: 'db connected successfully',
  level: 'info',
  label: 'Uni3.0',
  timestamp: '2023-06-30T11:51:59.501Z'
}
{
  message: 'Application listening on port 5000',
  level: 'info',
  label: 'Uni3.0',
  timestamp: '2023-06-30T11:51:59.510Z'
}
{
  message: 'db connected successfully',
  level: 'info',
  label: 'Uni3.0',
  timestamp: '2023-06-30T11:52:06.649Z'
}
{
  message: 'Application listening on port 5000',
  level: 'info',
  label: 'Uni3.0',
  timestamp: '2023-06-30T11:52:06.657Z'
}
{
  message: 'db connected successfully',
  level: 'info',
  label: 'Uni3.0',
  timestamp: '2023-06-30T11:52:09.409Z'
}
{
  message: 'Application listening on port 5000',
  level: 'info',
  label: 'Uni3.0',
  timestamp: '2023-06-30T11:52:09.418Z'
}
{
  message: 'db connected successfully',
  level: 'info',
  label: 'Uni3.0',
  timestamp: '2023-06-30T11:53:15.962Z'
}
{
  message: 'Application listening on port 5000',
  level: 'info',
  label: 'Uni3.0',
  timestamp: '2023-06-30T11:53:15.969Z'
}
{
  message: 'db connected successfully',
  level: 'info',
  label: 'Uni3.0',
  timestamp: '2023-06-30T11:53:28.640Z'
}
{
  message: 'Application listening on port 5000',
  level: 'info',
  label: 'Uni3.0',
  timestamp: '2023-06-30T11:53:28.648Z'
}
{
  message: 'db connected successfully',
  level: 'info',
  label: 'Uni3.0',
  timestamp: '2023-06-30T11:53:34.667Z'
}
{
  message: 'Application listening on port 5000',
  level: 'info',
  label: 'Uni3.0',
  timestamp: '2023-06-30T11:53:34.677Z'
}
